%!Adobe-FontList 1.16
%Locale:0x409

%BeginFont
Handler:DirectoryHandler
FontType:TrueType
FontName:ArialMT
FamilyName:Arial
StyleName:Regular
FullName:Arial
MenuName:Arial
StyleBits:0
WritingScript:Roman
OutlineFileName:F:\Art Institute\9 - Spring 2016\2 - Portfolio\WEBSITE\Document fonts\arial.ttf
DataFormat:sfntData
FileLength:915212
FileModTime:1446189480
WeightClass:400
WidthClass:5
AngleClass:0
NameArray:0,Mac,4,Arial
NameArray:0,Win,1,Arial
%EndFont

%BeginFont
Handler:DirectoryHandler
FontType:TrueType
FontName:Bebas
FamilyName:Bebas
StyleName:Regular
FullName:Bebas
MenuName:Bebas
StyleBits:0
WritingScript:Roman
OutlineFileName:F:\Art Institute\9 - Spring 2016\2 - Portfolio\WEBSITE\Document fonts\BEBAS__.TTF
DataFormat:sfntData
FileLength:36796
FileModTime:1445298816
WeightClass:400
WidthClass:5
AngleClass:0
NameArray:0,Mac,4,Bebas
NameArray:0,Win,1,Bebas
%EndFont

%BeginFont
Handler:DirectoryHandler
FontType:Type1
FontName:MinionPro-Regular
FamilyName:Minion Pro
StyleName:Regular
FullName:Minion Pro
MenuName:Minion Pro
StyleBits:0
WritingScript:Roman
OutlineFileName:F:\Art Institute\9 - Spring 2016\2 - Portfolio\WEBSITE\Document fonts\MinionPro-Regular.otf
DataFormat:sfntData
UsesStandardEncoding:yes
isCFF:yes
FileLength:217280
FileModTime:1348434170
WeightClass:400
WidthClass:5
AngleClass:0
DesignSize:110
NameArray:0,Mac,4,Minion Pro
NameArray:0,Win,1,Minion Pro
%EndFont

%BeginFont
Handler:DirectoryHandler
FontType:TrueType
FontName:Roboto-Thin
FamilyName:Roboto
StyleName:Thin
FullName:Roboto Thin
MenuName:Roboto Th
StyleBits:0
WritingScript:Roman
OutlineFileName:F:\Art Institute\9 - Spring 2016\2 - Portfolio\WEBSITE\Document fonts\Roboto-Thin.ttf
DataFormat:sfntData
FileLength:122512
FileModTime:1409507096
WeightClass:250
WidthClass:5
AngleClass:0
NameArray:0,Mac,18,Roboto Thin
NameArray:0,Mac,4,Roboto Thin
NameArray:0,Win,1,Roboto Th
NameArray:0,Win,16,Roboto
%EndFont

%BeginFont
Handler:DirectoryHandler
FontType:TrueType
FontName:basictitlefont
FamilyName:basic title font
StyleName:Regular
FullName:basic title font
MenuName:basic title font
StyleBits:0
WritingScript:Roman
OutlineFileName:F:\Art Institute\9 - Spring 2016\2 - Portfolio\WEBSITE\Document fonts\basictitlefont.ttf
DataFormat:sfntData
FileLength:33244
FileModTime:1461603206
WeightClass:100
WidthClass:3
AngleClass:0
NameArray:0,Mac,4,basic title font
NameArray:0,Win,1,basic title font
%EndFont

